# JRE version: Java(TM) SE Runtime Environment (17.0.12+8) (build 17.0.12+8-LTS-286)
# Java VM: Java HotSpot(TM) 64-Bit Server VM (17.0.12+8-LTS-286, mixed mode, sharing, tiered, compressed oops, compressed class ptrs, g1 gc, windows-amd64)
GC Precious Log:
 CPUs: 8 total, 8 available
 Memory: 16064M
 Large Page Support: Disabled
 NUMA Support: Disabled
 Compressed Oops: Enabled (32-bit)
 Heap Region Size: 1M
 Heap Min Capacity: 8M
 Heap Initial Capacity: 252M
 Heap Max Capacity: 1536M
 Pre-touch: Disabled
 Parallel Workers: 8
 Concurrent Workers: 2
 Concurrent Refinement Workers: 8
 Periodic GC: Disabled
Heap:
 garbage-first heap   total 339968K, used 167834K [0x00000000a0000000, 0x0000000100000000)
  region size 1024K, 3 young (3072K), 3 survivors (3072K)
 Metaspace       used 128982K, committed 129920K, reserved 1179648K
  class space    used 17670K, committed 18112K, reserved 1048576K
GC Heap History (20 events):
Event: 43.795 GC heap after
{Heap after GC invocations=51 (full 0):
 garbage-first heap   total 271360K, used 150531K [0x00000000a0000000, 0x0000000100000000)
  region size 1024K, 6 young (6144K), 6 survivors (6144K)
 Metaspace       used 119857K, committed 120768K, reserved 1179648K
  class space    used 16588K, committed 17024K, reserved 1048576K
}
Event: 43.797 GC heap before
{Heap before GC invocations=51 (full 0):
 garbage-first heap   total 271360K, used 160771K [0x00000000a0000000, 0x0000000100000000)
  region size 1024K, 7 young (7168K), 6 survivors (6144K)
 Metaspace       used 119858K, committed 120768K, reserved 1179648K
  class space    used 16588K, committed 17024K, reserved 1048576K
}
Event: 43.803 GC heap after
{Heap after GC invocations=52 (full 0):
 garbage-first heap   total 271360K, used 161089K [0x00000000a0000000, 0x0000000100000000)
  region size 1024K, 6 young (6144K), 6 survivors (6144K)
 Metaspace       used 119858K, committed 120768K, reserved 1179648K
  class space    used 16588K, committed 17024K, reserved 1048576K
}
Event: 48.758 GC heap before
{Heap before GC invocations=53 (full 0):
 garbage-first heap   total 285696K, used 234817K [0x00000000a0000000, 0x0000000100000000)
  region size 1024K, 72 young (73728K), 6 survivors (6144K)
 Metaspace       used 128504K, committed 129344K, reserved 1179648K
  class space    used 17633K, committed 18048K, reserved 1048576K
}
Event: 48.765 GC heap after
{Heap after GC invocations=54 (full 0):
 garbage-first heap   total 285696K, used 154497K [0x00000000a0000000, 0x0000000100000000)
  region size 1024K, 6 young (6144K), 6 survivors (6144K)
 Metaspace       used 128504K, committed 129344K, reserved 1179648K
  class space    used 17633K, committed 18048K, reserved 1048576K
}
Event: 48.874 GC heap before
{Heap before GC invocations=54 (full 0):
 garbage-first heap   total 285696K, used 161665K [0x00000000a0000000, 0x0000000100000000)
  region size 1024K, 13 young (13312K), 6 survivors (6144K)
 Metaspace       used 128628K, committed 129472K, reserved 1179648K
  class space    used 17654K, committed 18048K, reserved 1048576K
}
Event: 48.880 GC heap after
{Heap after GC invocations=55 (full 0):
 garbage-first heap   total 285696K, used 149810K [0x00000000a0000000, 0x0000000100000000)
  region size 1024K, 1 young (1024K), 1 survivors (1024K)
 Metaspace       used 128628K, committed 129472K, reserved 1179648K
  class space    used 17654K, committed 18048K, reserved 1048576K
}
Event: 49.301 GC heap before
{Heap before GC invocations=55 (full 0):
 garbage-first heap   total 285696K, used 158002K [0x00000000a0000000, 0x0000000100000000)
  region size 1024K, 10 young (10240K), 1 survivors (1024K)
 Metaspace       used 128666K, committed 129472K, reserved 1179648K
  class space    used 17658K, committed 18048K, reserved 1048576K
}
Event: 49.304 GC heap after
{Heap after GC invocations=56 (full 0):
 garbage-first heap   total 285696K, used 149749K [0x00000000a0000000, 0x0000000100000000)
  region size 1024K, 1 young (1024K), 1 survivors (1024K)
 Metaspace       used 128666K, committed 129472K, reserved 1179648K
  class space    used 17658K, committed 18048K, reserved 1048576K
}
Event: 49.865 GC heap before
{Heap before GC invocations=57 (full 0):
 garbage-first heap   total 293888K, used 242933K [0x00000000a0000000, 0x0000000100000000)
  region size 1024K, 91 young (93184K), 1 survivors (1024K)
 Metaspace       used 128816K, committed 129728K, reserved 1179648K
  class space    used 17668K, committed 18112K, reserved 1048576K
}
Event: 49.881 GC heap after
{Heap after GC invocations=58 (full 0):
 garbage-first heap   total 293888K, used 167197K [0x00000000a0000000, 0x0000000100000000)
  region size 1024K, 12 young (12288K), 12 survivors (12288K)
 Metaspace       used 128816K, committed 129728K, reserved 1179648K
  class space    used 17668K, committed 18112K, reserved 1048576K
}
Event: 49.888 GC heap before
{Heap before GC invocations=58 (full 0):
 garbage-first heap   total 293888K, used 169245K [0x00000000a0000000, 0x0000000100000000)
  region size 1024K, 14 young (14336K), 12 survivors (12288K)
 Metaspace       used 128818K, committed 129728K, reserved 1179648K
  class space    used 17668K, committed 18112K, reserved 1048576K
}
Event: 49.902 GC heap after
{Heap after GC invocations=59 (full 0):
 garbage-first heap   total 293888K, used 165657K [0x00000000a0000000, 0x0000000100000000)
  region size 1024K, 2 young (2048K), 2 survivors (2048K)
 Metaspace       used 128818K, committed 129728K, reserved 1179648K
  class space    used 17668K, committed 18112K, reserved 1048576K
}
Event: 50.248 GC heap before
{Heap before GC invocations=59 (full 0):
 garbage-first heap   total 293888K, used 239385K [0x00000000a0000000, 0x0000000100000000)
  region size 1024K, 74 young (75776K), 2 survivors (2048K)
 Metaspace       used 128865K, committed 129792K, reserved 1179648K
  class space    used 17670K, committed 18112K, reserved 1048576K
}
Event: 50.256 GC heap after
{Heap after GC invocations=60 (full 0):
 garbage-first heap   total 293888K, used 167188K [0x00000000a0000000, 0x0000000100000000)
  region size 1024K, 4 young (4096K), 4 survivors (4096K)
 Metaspace       used 128865K, committed 129792K, reserved 1179648K
  class space    used 17670K, committed 18112K, reserved 1048576K
}
Event: 50.719 GC heap before
{Heap before GC invocations=61 (full 0):
 garbage-first heap   total 339968K, used 245012K [0x00000000a0000000, 0x0000000100000000)
  region size 1024K, 81 young (82944K), 4 survivors (4096K)
 Metaspace       used 128891K, committed 129792K, reserved 1179648K
  class space    used 17670K, committed 18112K, reserved 1048576K
}
Event: 50.726 GC heap after
{Heap after GC invocations=62 (full 0):
 garbage-first heap   total 339968K, used 170411K [0x00000000a0000000, 0x0000000100000000)
  region size 1024K, 6 young (6144K), 6 survivors (6144K)
 Metaspace       used 128891K, committed 129792K, reserved 1179648K
  class space    used 17670K, committed 18112K, reserved 1048576K
}
Event: 50.748 GC heap before
{Heap before GC invocations=62 (full 0):
 garbage-first heap   total 339968K, used 180651K [0x00000000a0000000, 0x0000000100000000)
  region size 1024K, 16 young (16384K), 6 survivors (6144K)
 Metaspace       used 128897K, committed 129856K, reserved 1179648K
  class space    used 17670K, committed 18112K, reserved 1048576K
}
Event: 50.756 GC heap after
{Heap after GC invocations=63 (full 0):
 garbage-first heap   total 339968K, used 165860K [0x00000000a0000000, 0x0000000100000000)
  region size 1024K, 1 young (1024K), 1 survivors (1024K)
 Metaspace       used 128897K, committed 129856K, reserved 1179648K
  class space    used 17670K, committed 18112K, reserved 1048576K
}
Event: 51.032 GC heap before
{Heap before GC invocations=63 (full 0):
 garbage-first heap   total 339968K, used 279524K [0x00000000a0000000, 0x0000000100000000)
  region size 1024K, 113 young (115712K), 1 survivors (1024K)
 Metaspace       used 128982K, committed 129920K, reserved 1179648K
  class space    used 17670K, committed 18112K, reserved 1048576K
}

